<?xml version="1.0" encoding="UTF-8"?>
<testng-results skipped="0" failed="0" total="1" passed="1">
  <reporter-output>
  </reporter-output>
  <suite name="Surefire suite" duration-ms="115" started-at="2019-05-03T03:43:53Z" finished-at="2019-05-03T03:43:53Z">
    <groups>
    </groups>
    <test name="Surefire test" duration-ms="115" started-at="2019-05-03T03:43:53Z" finished-at="2019-05-03T03:43:53Z">
      <class name="br.com.havilah.consultoria.br.com.havilah.consultoria.leJason.AppTest">
        <test-method status="PASS" signature="testApp()[pri:0, instance:testApp(br.com.havilah.consultoria.br.com.havilah.consultoria.leJason.AppTest)]" name="testApp" duration-ms="4" started-at="2019-05-03T00:43:53Z" finished-at="2019-05-03T00:43:53Z">
          <reporter-output>
          </reporter-output>
        </test-method> <!-- testApp -->
      </class> <!-- br.com.havilah.consultoria.br.com.havilah.consultoria.leJason.AppTest -->
    </test> <!-- Surefire test -->
  </suite> <!-- Surefire suite -->
</testng-results>
